app/build/outputs/logs/manifest-merger-debug-report.txt
-- Merging decision tree log ---
manifest
ADDED from src\main\AndroidManifest.xml:2:1-54:12
INJECTED from src\main\AndroidManifest.xml:2:1-54:12
INJECTED from src\main\AndroidManifest.xml:2:1-54:12
INJECTED from src\main\AndroidManifest.xml:2:1-54:12
MERGED from [com.android.support.constraint:constraint-layout:1.0.2] AndroidManifest.xml:2:1-11:12
MERGED from [:zXing:] AndroidManifest.xml:17:1-186:12
INJECTED from src\main\AndroidManifest.xml:2:1-54:12
INJECTED from src\main\AndroidManifest.xml:2:1-54:12
INJECTED from src\main\AndroidManifest.xml:2:1-54:12
	package
		ADDED from src\main\AndroidManifest.xml:3:5-39
		INJECTED from src\main\AndroidManifest.xml
		INJECTED from src\main\AndroidManifest.xml
	android:versionName
		INJECTED from src\main\AndroidManifest.xml
		ADDED from src\main\AndroidManifest.xml:2:1-54:12
		INJECTED from src\main\AndroidManifest.xml
	android:versionCode
		INJECTED from src\main\AndroidManifest.xml
		ADDED from src\main\AndroidManifest.xml:2:1-54:12
		INJECTED from src\main\AndroidManifest.xml
	xmlns:android
		ADDED from src\main\AndroidManifest.xml:2:11-69
uses-permission#android.permission.INTERNET
ADDED from src\main\AndroidManifest.xml:5:5-67
MERGED from [:zXing:] AndroidManifest.xml:28:5-67
MERGED from [:zXing:] AndroidManifest.xml:28:5-67
	android:name
		ADDED from src\main\AndroidManifest.xml:5:22-64
uses-permission#android.permission.ACCESS_NETWORK_STATE
ADDED from src\main\AndroidManifest.xml:6:5-79
	android:name
		ADDED from src\main\AndroidManifest.xml:6:22-76
uses-permission#android.permission.CAMERA
ADDED from src\main\AndroidManifest.xml:7:5-65
MERGED from [:zXing:] AndroidManifest.xml:27:5-65
MERGED from [:zXing:] AndroidManifest.xml:27:5-65
	android:name
		ADDED from src\main\AndroidManifest.xml:7:22-62
uses-permission#android.permission.RECORD_AUDIO
ADDED from src\main\AndroidManifest.xml:8:5-71
	android:name
		ADDED from src\main\AndroidManifest.xml:8:22-68
uses-permission#android.permission.MODIFY_AUDIO_SETTINGS
ADDED from src\main\AndroidManifest.xml:9:5-80
	android:name
		ADDED from src\main\AndroidManifest.xml:9:22-77
uses-permission#android.permission.PROCESS_OUTGOING_CALLS
ADDED from src\main\AndroidManifest.xml:10:5-81
	android:name
		ADDED from src\main\AndroidManifest.xml:10:22-78
uses-permission#android.permission.READ_PHONE_STATE
ADDED from src\main\AndroidManifest.xml:11:5-75
	android:name
		ADDED from src\main\AndroidManifest.xml:11:22-72
uses-permission#android.permission.WAKE_LOCK
ADDED from src\main\AndroidManifest.xml:12:5-68
	android:name
		ADDED from src\main\AndroidManifest.xml:12:22-65
uses-permission#android.permission.DISABLE_KEYGUARD
ADDED from src\main\AndroidManifest.xml:13:5-75
	android:name
		ADDED from src\main\AndroidManifest.xml:13:22-72
uses-permission#android.permission.READ_LOGS
ADDED from src\main\AndroidManifest.xml:14:5-68
	android:name
		ADDED from src\main\AndroidManifest.xml:14:22-65
uses-permission#android.permission.MOUNT_UNMOUNT_FILESYSTEMS
ADDED from src\main\AndroidManifest.xml:15:5-84
	android:name
		ADDED from src\main\AndroidManifest.xml:15:22-81
uses-permission#android.permission.CHANGE_WIFI_STATE
ADDED from src\main\AndroidManifest.xml:16:5-76
MERGED from [:zXing:] AndroidManifest.xml:35:5-76
MERGED from [:zXing:] AndroidManifest.xml:35:5-76
	android:name
		ADDED from src\main\AndroidManifest.xml:16:22-73
uses-permission#android.permission.VIBRATE
ADDED from src\main\AndroidManifest.xml:17:5-66
MERGED from [:zXing:] AndroidManifest.xml:29:5-66
MERGED from [:zXing:] AndroidManifest.xml:29:5-66
	android:name
		ADDED from src\main\AndroidManifest.xml:17:22-63
uses-permission#android.permission.REORDER_TASKS
ADDED from src\main\AndroidManifest.xml:18:5-72
	android:name
		ADDED from src\main\AndroidManifest.xml:18:22-69
uses-permission#android.permission.FLASHLIGHT
ADDED from src\main\AndroidManifest.xml:21:5-68
MERGED from [:zXing:] AndroidManifest.xml:30:5-69
MERGED from [:zXing:] AndroidManifest.xml:30:5-69
	android:name
		ADDED from src\main\AndroidManifest.xml:21:22-66
uses-permission#android.permission.READ_CONTACTS
ADDED from src\main\AndroidManifest.xml:22:5-71
MERGED from [:zXing:] AndroidManifest.xml:31:5-72
MERGED from [:zXing:] AndroidManifest.xml:31:5-72
	android:name
		ADDED from src\main\AndroidManifest.xml:22:22-69
uses-permission#com.android.browser.permission.READ_HISTORY_BOOKMARKS
ADDED from src\main\AndroidManifest.xml:24:5-92
MERGED from [:zXing:] AndroidManifest.xml:33:5-93
MERGED from [:zXing:] AndroidManifest.xml:33:5-93
	android:name
		ADDED from src\main\AndroidManifest.xml:24:22-90
uses-permission#android.permission.WRITE_EXTERNAL_STORAGE
ADDED from src\main\AndroidManifest.xml:25:5-80
MERGED from [:zXing:] AndroidManifest.xml:34:5-81
MERGED from [:zXing:] AndroidManifest.xml:34:5-81
	android:name
		ADDED from src\main\AndroidManifest.xml:25:22-78
uses-permission#android.permission.ACCESS_WIFI_STATE
ADDED from src\main\AndroidManifest.xml:26:5-75
MERGED from [:zXing:] AndroidManifest.xml:36:5-76
MERGED from [:zXing:] AndroidManifest.xml:36:5-76
	android:name
		ADDED from src\main\AndroidManifest.xml:26:22-73
uses-feature#android.hardware.camera.any
ADDED from src\main\AndroidManifest.xml:27:5-63
MERGED from [:zXing:] AndroidManifest.xml:38:5-64
MERGED from [:zXing:] AndroidManifest.xml:38:5-64
	android:name
		ADDED from src\main\AndroidManifest.xml:27:19-61
uses-feature#android.hardware.camera.autofocus
ADDED from src\main\AndroidManifest.xml:28:5-94
MERGED from [:zXing:] AndroidManifest.xml:39:5-41:36
MERGED from [:zXing:] AndroidManifest.xml:39:5-41:36
	android:required
		ADDED from src\main\AndroidManifest.xml:28:68-92
	android:name
		ADDED from src\main\AndroidManifest.xml:28:19-67
uses-feature#android.hardware.camera.flash
ADDED from src\main\AndroidManifest.xml:29:5-90
MERGED from [:zXing:] AndroidManifest.xml:42:5-44:36
MERGED from [:zXing:] AndroidManifest.xml:42:5-44:36
	android:required
		ADDED from src\main\AndroidManifest.xml:29:64-88
	android:name
		ADDED from src\main\AndroidManifest.xml:29:19-63
uses-feature#android.hardware.screen.landscape
ADDED from src\main\AndroidManifest.xml:30:5-69
MERGED from [:zXing:] AndroidManifest.xml:45:5-70
MERGED from [:zXing:] AndroidManifest.xml:45:5-70
	android:name
		ADDED from src\main\AndroidManifest.xml:30:19-67
uses-feature#android.hardware.wifi
ADDED from src\main\AndroidManifest.xml:31:5-82
MERGED from [:zXing:] AndroidManifest.xml:46:5-48:36
MERGED from [:zXing:] AndroidManifest.xml:46:5-48:36
	android:required
		ADDED from src\main\AndroidManifest.xml:31:56-80
	android:name
		ADDED from src\main\AndroidManifest.xml:31:19-55
application
ADDED from src\main\AndroidManifest.xml:33:5-52:19
MERGED from [com.android.support.constraint:constraint-layout:1.0.2] AndroidManifest.xml:9:5-20
MERGED from [com.android.support.constraint:constraint-layout:1.0.2] AndroidManifest.xml:9:5-20
MERGED from [:zXing:] AndroidManifest.xml:50:5-184:19
MERGED from [:zXing:] AndroidManifest.xml:50:5-184:19
	android:supportsRtl
		ADDED from src\main\AndroidManifest.xml:38:9-35
	android:label
		ADDED from src\main\AndroidManifest.xml:36:9-41
	android:roundIcon
		ADDED from src\main\AndroidManifest.xml:37:9-54
	android:icon
		ADDED from src\main\AndroidManifest.xml:35:9-43
	android:allowBackup
		ADDED from src\main\AndroidManifest.xml:34:9-35
	android:theme
		ADDED from src\main\AndroidManifest.xml:39:9-40
activity#com.dpower.cintercomdemo.MainActivity
ADDED from src\main\AndroidManifest.xml:40:9-48:20
	android:launchMode
		ADDED from src\main\AndroidManifest.xml:42:13-43
	android:theme
		ADDED from src\main\AndroidManifest.xml:41:13-53
	android:name
		ADDED from src\main\AndroidManifest.xml:40:19-47
intent-filter#android.intent.action.MAIN+android.intent.category.LAUNCHER
ADDED from src\main\AndroidManifest.xml:43:13-47:29
action#android.intent.action.MAIN
ADDED from src\main\AndroidManifest.xml:44:17-69
	android:name
		ADDED from src\main\AndroidManifest.xml:44:25-66
category#android.intent.category.LAUNCHER
ADDED from src\main\AndroidManifest.xml:46:17-77
	android:name
		ADDED from src\main\AndroidManifest.xml:46:27-74
service#com.dpower.dpsiplib.service.DPSipService
ADDED from src\main\AndroidManifest.xml:50:9-51:19
	android:name
		ADDED from src\main\AndroidManifest.xml:50:18-73
uses-sdk
INJECTED from src\main\AndroidManifest.xml reason: use-sdk injection requested
INJECTED from src\main\AndroidManifest.xml
INJECTED from src\main\AndroidManifest.xml
MERGED from [com.android.support.constraint:constraint-layout:1.0.2] AndroidManifest.xml:5:5-7:41
MERGED from [com.android.support.constraint:constraint-layout:1.0.2] AndroidManifest.xml:5:5-7:41
MERGED from [:zXing:] AndroidManifest.xml:23:5-25:41
MERGED from [:zXing:] AndroidManifest.xml:23:5-25:41
INJECTED from src\main\AndroidManifest.xml
INJECTED from src\main\AndroidManifest.xml
	android:targetSdkVersion
		INJECTED from src\main\AndroidManifest.xml
		ADDED from src\main\AndroidManifest.xml
		INJECTED from src\main\AndroidManifest.xml
	android:minSdkVersion
		INJECTED from src\main\AndroidManifest.xml
		ADDED from src\main\AndroidManifest.xml
		INJECTED from src\main\AndroidManifest.xml
activity#com.google.zxing.client.android.CaptureActivity
ADDED from [:zXing:] AndroidManifest.xml:51:9-116:20
	android:screenOrientation
		ADDED from [:zXing:] AndroidManifest.xml:54:13-49
	android:clearTaskOnLaunch
		ADDED from [:zXing:] AndroidManifest.xml:53:13-45
	android:stateNotNeeded
		ADDED from [:zXing:] AndroidManifest.xml:55:13-42
	android:windowSoftInputMode
		ADDED from [:zXing:] AndroidManifest.xml:57:13-60
	android:theme
		ADDED from [:zXing:] AndroidManifest.xml:56:13-48
	android:name
		ADDED from [:zXing:] AndroidManifest.xml:52:13-75
intent-filter#android.intent.category.DEFAULT+com.google.zxing.client.android.SCAN
ADDED from [:zXing:] AndroidManifest.xml:63:13-67:29
action#com.google.zxing.client.android.SCAN
ADDED from [:zXing:] AndroidManifest.xml:64:17-79
	android:name
		ADDED from [:zXing:] AndroidManifest.xml:64:25-76
category#android.intent.category.DEFAULT
ADDED from [:zXing:] AndroidManifest.xml:66:17-76
	android:name
		ADDED from [:zXing:] AndroidManifest.xml:66:27-73
intent-filter#android.intent.action.VIEW+android.intent.category.BROWSABLE+android.intent.category.DEFAULT
ADDED from [:zXing:] AndroidManifest.xml:69:13-79:29
action#android.intent.action.VIEW
ADDED from [:zXing:] AndroidManifest.xml:70:17-69
	android:name
		ADDED from [:zXing:] AndroidManifest.xml:70:25-66
category#android.intent.category.BROWSABLE
ADDED from [:zXing:] AndroidManifest.xml:73:17-78
	android:name
		ADDED from [:zXing:] AndroidManifest.xml:73:27-75
data
ADDED from [:zXing:] AndroidManifest.xml:75:17-78:45
	android:path
		ADDED from [:zXing:] AndroidManifest.xml:77:21-41
	android:host
		ADDED from [:zXing:] AndroidManifest.xml:76:21-53
	android:scheme
		ADDED from [:zXing:] AndroidManifest.xml:78:21-42
activity#com.google.zxing.client.android.PreferencesActivity
ADDED from [:zXing:] AndroidManifest.xml:117:9-120:45
	android:stateNotNeeded
		ADDED from [:zXing:] AndroidManifest.xml:120:13-42
	android:label
		ADDED from [:zXing:] AndroidManifest.xml:119:13-53
	android:name
		ADDED from [:zXing:] AndroidManifest.xml:118:13-79
activity#com.google.zxing.client.android.encode.EncodeActivity
ADDED from [:zXing:] AndroidManifest.xml:121:9-145:20
	android:stateNotNeeded
		ADDED from [:zXing:] AndroidManifest.xml:123:13-42
	android:name
		ADDED from [:zXing:] AndroidManifest.xml:122:13-81
intent-filter#android.intent.category.DEFAULT+com.google.zxing.client.android.ENCODE
ADDED from [:zXing:] AndroidManifest.xml:124:13-128:29
action#com.google.zxing.client.android.ENCODE
ADDED from [:zXing:] AndroidManifest.xml:125:17-81
	android:name
		ADDED from [:zXing:] AndroidManifest.xml:125:25-78
intent-filter#android.intent.action.SEND+android.intent.category.DEFAULT
ADDED from [:zXing:] AndroidManifest.xml:130:13-136:29
action#android.intent.action.SEND
ADDED from [:zXing:] AndroidManifest.xml:131:17-69
	android:name
		ADDED from [:zXing:] AndroidManifest.xml:131:25-66
activity#com.google.zxing.client.android.book.SearchBookContentsActivity
ADDED from [:zXing:] AndroidManifest.xml:146:9-156:20
	android:screenOrientation
		ADDED from [:zXing:] AndroidManifest.xml:149:13-56
	android:stateNotNeeded
		ADDED from [:zXing:] AndroidManifest.xml:150:13-42
	android:label
		ADDED from [:zXing:] AndroidManifest.xml:148:13-45
	android:name
		ADDED from [:zXing:] AndroidManifest.xml:147:13-91
intent-filter#android.intent.category.DEFAULT+com.google.zxing.client.android.SEARCH_BOOK_CONTENTS
ADDED from [:zXing:] AndroidManifest.xml:151:13-155:29
action#com.google.zxing.client.android.SEARCH_BOOK_CONTENTS
ADDED from [:zXing:] AndroidManifest.xml:152:17-95
	android:name
		ADDED from [:zXing:] AndroidManifest.xml:152:25-92
activity#com.google.zxing.client.android.share.ShareActivity
ADDED from [:zXing:] AndroidManifest.xml:157:9-166:20
	android:screenOrientation
		ADDED from [:zXing:] AndroidManifest.xml:159:13-45
	android:stateNotNeeded
		ADDED from [:zXing:] AndroidManifest.xml:160:13-42
	android:name
		ADDED from [:zXing:] AndroidManifest.xml:158:13-79
intent-filter#android.intent.category.DEFAULT+com.google.zxing.client.android.SHARE
ADDED from [:zXing:] AndroidManifest.xml:161:13-165:29
action#com.google.zxing.client.android.SHARE
ADDED from [:zXing:] AndroidManifest.xml:162:17-80
	android:name
		ADDED from [:zXing:] AndroidManifest.xml:162:25-77
activity#com.google.zxing.client.android.history.HistoryActivity
ADDED from [:zXing:] AndroidManifest.xml:167:9-170:45
	android:stateNotNeeded
		ADDED from [:zXing:] AndroidManifest.xml:170:13-42
	android:label
		ADDED from [:zXing:] AndroidManifest.xml:169:13-50
	android:name
		ADDED from [:zXing:] AndroidManifest.xml:168:13-83
activity#com.google.zxing.client.android.share.BookmarkPickerActivity
ADDED from [:zXing:] AndroidManifest.xml:171:9-174:45
	android:stateNotNeeded
		ADDED from [:zXing:] AndroidManifest.xml:174:13-42
	android:label
		ADDED from [:zXing:] AndroidManifest.xml:173:13-57
	android:name
		ADDED from [:zXing:] AndroidManifest.xml:172:13-88
activity#com.google.zxing.client.android.share.AppPickerActivity
ADDED from [:zXing:] AndroidManifest.xml:175:9-178:45
	android:stateNotNeeded
		ADDED from [:zXing:] AndroidManifest.xml:178:13-42
	android:label
		ADDED from [:zXing:] AndroidManifest.xml:177:13-52
	android:name
		ADDED from [:zXing:] AndroidManifest.xml:176:13-83
activity#com.google.zxing.client.android.HelpActivity
ADDED from [:zXing:] AndroidManifest.xml:179:9-183:45
	android:screenOrientation
		ADDED from [:zXing:] AndroidManifest.xml:182:13-45
	android:stateNotNeeded
		ADDED from [:zXing:] AndroidManifest.xml:183:13-42
	android:label
		ADDED from [:zXing:] AndroidManifest.xml:181:13-46
	android:name
		ADDED from [:zXing:] AndroidManifest.xml:180:13-72